This is pdfTeX, Version 3.141592653-2.6-1.40.25 (TeX Live 2023/Debian) (preloaded format=pdflatex 2025.10.24)  24 OCT 2025 22:47
entering extended mode
 restricted \write18 enabled.
 %&-line parsing enabled.
**report.tex
(./report.tex
LaTeX2e <2023-11-01> patch level 1
L3 programming layer <2024-01-22>
(/usr/share/texlive/texmf-dist/tex/latex/base/article.cls
Document Class: article 2023/05/17 v1.4n Standard LaTeX document class
(/usr/share/texlive/texmf-dist/tex/latex/base/size12.clo
File: size12.clo 2023/05/17 v1.4n Standard LaTeX file (size option)
)
\c@part=\count187
\c@section=\count188
\c@subsection=\count189
\c@subsubsection=\count190
\c@paragraph=\count191
\c@subparagraph=\count192
\c@figure=\count193
\c@table=\count194
\abovecaptionskip=\skip48
\belowcaptionskip=\skip49
\bibindent=\dimen140
)
(/usr/share/texlive/texmf-dist/tex/latex/geometry/geometry.sty
Package: geometry 2020/01/02 v5.9 Page Geometry

(/usr/share/texlive/texmf-dist/tex/latex/graphics/keyval.sty
Package: keyval 2022/05/29 v1.15 key=value parser (DPC)
\KV@toks@=\toks17
)
(/usr/share/texlive/texmf-dist/tex/generic/iftex/ifvtex.sty
Package: ifvtex 2019/10/25 v1.7 ifvtex legacy package. Use iftex instead.

(/usr/share/texlive/texmf-dist/tex/generic/iftex/iftex.sty
Package: iftex 2022/02/03 v1.0f TeX engine tests
))
\Gm@cnth=\count195
\Gm@cntv=\count196
\c@Gm@tempcnt=\count197
\Gm@bindingoffset=\dimen141
\Gm@wd@mp=\dimen142
\Gm@odd@mp=\dimen143
\Gm@even@mp=\dimen144
\Gm@layoutwidth=\dimen145
\Gm@layoutheight=\dimen146
\Gm@layouthoffset=\dimen147
\Gm@layoutvoffset=\dimen148
\Gm@dimlist=\toks18
)
(/usr/share/texlive/texmf-dist/tex/latex/graphics/graphicx.sty
Package: graphicx 2021/09/16 v1.2d Enhanced LaTeX Graphics (DPC,SPQR)

(/usr/share/texlive/texmf-dist/tex/latex/graphics/graphics.sty
Package: graphics 2022/03/10 v1.4e Standard LaTeX Graphics (DPC,SPQR)

(/usr/share/texlive/texmf-dist/tex/latex/graphics/trig.sty
Package: trig 2021/08/11 v1.11 sin cos tan (DPC)
)
(/usr/share/texlive/texmf-dist/tex/latex/graphics-cfg/graphics.cfg
File: graphics.cfg 2016/06/04 v1.11 sample graphics configuration
)
Package graphics Info: Driver file: pdftex.def on input line 107.

(/usr/share/texlive/texmf-dist/tex/latex/graphics-def/pdftex.def
File: pdftex.def 2022/09/22 v1.2b Graphics/color driver for pdftex
))
\Gin@req@height=\dimen149
\Gin@req@width=\dimen150
)
(/usr/share/texlive/texmf-dist/tex/latex/listings/listings.sty
\lst@mode=\count198
\lst@gtempboxa=\box51
\lst@token=\toks19
\lst@length=\count199
\lst@currlwidth=\dimen151
\lst@column=\count266
\lst@pos=\count267
\lst@lostspace=\dimen152
\lst@width=\dimen153
\lst@newlines=\count268
\lst@lineno=\count269
\lst@maxwidth=\dimen154

(/usr/share/texlive/texmf-dist/tex/latex/listings/lstmisc.sty
File: lstmisc.sty 2023/02/27 1.9 (Carsten Heinz)
\c@lstnumber=\count270
\lst@skipnumbers=\count271
\lst@framebox=\box52
)
(/usr/share/texlive/texmf-dist/tex/latex/listings/listings.cfg
File: listings.cfg 2023/02/27 1.9 listings configuration
))
Package: listings 2023/02/27 1.9 (Carsten Heinz)

(/usr/share/texlive/texmf-dist/tex/latex/xcolor/xcolor.sty
Package: xcolor 2023/11/15 v3.01 LaTeX color extensions (UK)

(/usr/share/texlive/texmf-dist/tex/latex/graphics-cfg/color.cfg
File: color.cfg 2016/01/02 v1.6 sample color configuration
)
Package xcolor Info: Driver file: pdftex.def on input line 274.

(/usr/share/texlive/texmf-dist/tex/latex/graphics/mathcolor.ltx)
Package xcolor Info: Model `cmy' substituted by `cmy0' on input line 1350.
Package xcolor Info: Model `hsb' substituted by `rgb' on input line 1354.
Package xcolor Info: Model `RGB' extended on input line 1366.
Package xcolor Info: Model `HTML' substituted by `rgb' on input line 1368.
Package xcolor Info: Model `Hsb' substituted by `hsb' on input line 1369.
Package xcolor Info: Model `tHsb' substituted by `hsb' on input line 1370.
Package xcolor Info: Model `HSB' substituted by `hsb' on input line 1371.
Package xcolor Info: Model `Gray' substituted by `gray' on input line 1372.
Package xcolor Info: Model `wave' substituted by `hsb' on input line 1373.
)
(/usr/share/texlive/texmf-dist/tex/latex/listings/lstlang1.sty
File: lstlang1.sty 2023/02/27 1.9 listings language file
)
(/usr/share/texlive/texmf-dist/tex/latex/listings/lstmisc.sty
File: lstmisc.sty 2023/02/27 1.9 (Carsten Heinz)
)
(/usr/share/texlive/texmf-dist/tex/latex/l3backend/l3backend-pdftex.def
File: l3backend-pdftex.def 2024-01-04 L3 backend support: PDF output (pdfTeX)
\l__color_backend_stack_int=\count272
\l__pdf_internal_box=\box53
)
(./report.aux)
\openout1 = `report.aux'.

LaTeX Font Info:    Checking defaults for OML/cmm/m/it on input line 21.
LaTeX Font Info:    ... okay on input line 21.
LaTeX Font Info:    Checking defaults for OMS/cmsy/m/n on input line 21.
LaTeX Font Info:    ... okay on input line 21.
LaTeX Font Info:    Checking defaults for OT1/cmr/m/n on input line 21.
LaTeX Font Info:    ... okay on input line 21.
LaTeX Font Info:    Checking defaults for T1/cmr/m/n on input line 21.
LaTeX Font Info:    ... okay on input line 21.
LaTeX Font Info:    Checking defaults for TS1/cmr/m/n on input line 21.
LaTeX Font Info:    ... okay on input line 21.
LaTeX Font Info:    Checking defaults for OMX/cmex/m/n on input line 21.
LaTeX Font Info:    ... okay on input line 21.
LaTeX Font Info:    Checking defaults for U/cmr/m/n on input line 21.
LaTeX Font Info:    ... okay on input line 21.

*geometry* driver: auto-detecting
*geometry* detected driver: pdftex
*geometry* verbose mode - [ preamble ] result:
* driver: pdftex
* paper: a4paper
* layout: <same size as paper>
* layoutoffset:(h,v)=(0.0pt,0.0pt)
* modes: 
* h-part:(L,W,R)=(72.26999pt, 452.9679pt, 72.26999pt)
* v-part:(T,H,B)=(72.26999pt, 700.50687pt, 72.26999pt)
* \paperwidth=597.50787pt
* \paperheight=845.04684pt
* \textwidth=452.9679pt
* \textheight=700.50687pt
* \oddsidemargin=0.0pt
* \evensidemargin=0.0pt
* \topmargin=-37.0pt
* \headheight=12.0pt
* \headsep=25.0pt
* \topskip=12.0pt
* \footskip=30.0pt
* \marginparwidth=35.0pt
* \marginparsep=10.0pt
* \columnsep=10.0pt
* \skip\footins=10.8pt plus 4.0pt minus 2.0pt
* \hoffset=0.0pt
* \voffset=0.0pt
* \mag=1000
* \@twocolumnfalse
* \@twosidefalse
* \@mparswitchfalse
* \@reversemarginfalse
* (1in=72.27pt=25.4mm, 1cm=28.453pt)

(/usr/share/texlive/texmf-dist/tex/context/base/mkii/supp-pdf.mkii
[Loading MPS to PDF converter (version 2006.09.02).]
\scratchcounter=\count273
\scratchdimen=\dimen155
\scratchbox=\box54
\nofMPsegments=\count274
\nofMParguments=\count275
\everyMPshowfont=\toks20
\MPscratchCnt=\count276
\MPscratchDim=\dimen156
\MPnumerator=\count277
\makeMPintoPDFobject=\count278
\everyMPtoPDFconversion=\toks21
) (/usr/share/texlive/texmf-dist/tex/latex/epstopdf-pkg/epstopdf-base.sty
Package: epstopdf-base 2020-01-24 v2.11 Base part for package epstopdf
Package epstopdf-base Info: Redefining graphics rule for `.eps' on input line 4
85.

(/usr/share/texlive/texmf-dist/tex/latex/latexconfig/epstopdf-sys.cfg
File: epstopdf-sys.cfg 2010/07/13 v1.3 Configuration of (r)epstopdf for TeX Liv
e
))
\c@lstlisting=\count279
LaTeX Font Info:    External font `cmex10' loaded for size
(Font)              <14.4> on input line 26.
LaTeX Font Info:    External font `cmex10' loaded for size
(Font)              <7> on input line 26.

(./hello_world.c [1

{/var/lib/texmf/fonts/map/pdftex/updmap/pdftex.map}])
<./screenshots/hello_world_output.png, id=10, 756.8275pt x 154.5775pt>
File: ./screenshots/hello_world_output.png Graphic file (type png)
<use ./screenshots/hello_world_output.png>
Package pdftex.def Info: ./screenshots/hello_world_output.png  used on input li
ne 44.
(pdftex.def)             Requested size: 452.9679pt x 92.51605pt.

(./spacex.c [2 <./screenshots/hello_world_output.png>])
<./screenshots/spacex_output.png, id=17, 660.4675pt x 94.3525pt>
File: ./screenshots/spacex_output.png Graphic file (type png)
<use ./screenshots/spacex_output.png>
Package pdftex.def Info: ./screenshots/spacex_output.png  used on input line 60
.
(pdftex.def)             Requested size: 452.9679pt x 64.71167pt.
 (./love.c [3 <./screenshots/spacex_output.png>])
<./screenshots/love_output.png, id=22, 589.20125pt x 54.2025pt>
File: ./screenshots/love_output.png Graphic file (type png)
<use ./screenshots/love_output.png>
Package pdftex.def Info: ./screenshots/love_output.png  used on input line 76.
(pdftex.def)             Requested size: 452.9679pt x 41.6707pt.
 [4 <./screenshots/love_output.png>] (./floopy.c
[5])
<./screenshots/floppy_output.png, id=30, 641.39626pt x 64.24pt>
File: ./screenshots/floppy_output.png Graphic file (type png)
<use ./screenshots/floppy_output.png>
Package pdftex.def Info: ./screenshots/floppy_output.png  used on input line 92
.
(pdftex.def)             Requested size: 452.9679pt x 45.36859pt.
 (./baking.c [6 <./screenshots/floppy_output.png>] [7])
Overfull \hbox (2.53044pt too wide) in paragraph at lines 102--105
\OT1/cmr/m/n/12 cor-rectly | end-less print-ing usu-ally means one pred-i-cate 
(\OT1/cmtt/m/n/12 readyToEat\OT1/cmr/m/n/12 , \OT1/cmtt/m/n/12 numBatterInBowl\
OT1/cmr/m/n/12 ,
 []

<./screenshots/baking_output.png, id=39, 793.96625pt x 1100.11pt>
File: ./screenshots/baking_output.png Graphic file (type png)
<use ./screenshots/baking_output.png>
Package pdftex.def Info: ./screenshots/baking_output.png  used on input line 10
9.
(pdftex.def)             Requested size: 452.9679pt x 627.63997pt.

LaTeX Warning: `h' float specifier changed to `ht'.

(./priority_transfer.c [8] [9])
<./screenshots/priority_transfer_output.png, id=46, 880.28876pt x 72.27pt>
File: ./screenshots/priority_transfer_output.png Graphic file (type png)
<use ./screenshots/priority_transfer_output.png>
Package pdftex.def Info: ./screenshots/priority_transfer_output.png  used on in
put line 125.
(pdftex.def)             Requested size: 452.9679pt x 37.18692pt.


LaTeX Warning: `h' float specifier changed to `ht'.

(./barrier.c [10])
<./screenshots/barrier_output.png, id=50, 691.58376pt x 130.4875pt>
File: ./screenshots/barrier_output.png Graphic file (type png)
<use ./screenshots/barrier_output.png>
Package pdftex.def Info: ./screenshots/barrier_output.png  used on input line 1
41.
(pdftex.def)             Requested size: 452.9679pt x 85.46693pt.


LaTeX Warning: `h' float specifier changed to `ht'.

(./readers_writers.c [11])
<./screenshots/readers_writers_output.png, id=54, 827.09pt x 94.3525pt>
File: ./screenshots/readers_writers_output.png Graphic file (type png)
<use ./screenshots/readers_writers_output.png>
Package pdftex.def Info: ./screenshots/readers_writers_output.png  used on inpu
t line 157.
(pdftex.def)             Requested size: 452.9679pt x 51.67374pt.


LaTeX Warning: `h' float specifier changed to `ht'.

(./thread_pool.c [12] [13])
<./screenshots/thread_pool_output.png, id=62, 761.84625pt x 177.66376pt>
File: ./screenshots/thread_pool_output.png Graphic file (type png)
<use ./screenshots/thread_pool_output.png>
Package pdftex.def Info: ./screenshots/thread_pool_output.png  used on input li
ne 173.
(pdftex.def)             Requested size: 452.9679pt x 105.63127pt.


LaTeX Warning: `h' float specifier changed to `ht'.

[14] [15 <./screenshots/baking_output.png>] [16 <./screenshots/priority_transfe
r_output.png> <./screenshots/barrier_output.png> <./screenshots/readers_writers
_output.png> <./screenshots/thread_pool_output.png>] (./report.aux)
 ***********
LaTeX2e <2023-11-01> patch level 1
L3 programming layer <2024-01-22>
 ***********
 ) 
Here is how much of TeX's memory you used:
 4450 strings out of 474222
 66621 string characters out of 5748732
 2221975 words of memory out of 5000000
 26685 multiletter control sequences out of 15000+600000
 561129 words of font info for 47 fonts, out of 8000000 for 9000
 1141 hyphenation exceptions out of 8191
 57i,7n,65p,382b,1709s stack positions out of 10000i,1000n,20000p,200000b,200000s
</usr/share/texlive/texmf-dist/fonts/type1/public/amsfonts/cm/cmbx12.pfb></us
r/share/texlive/texmf-dist/fonts/type1/public/amsfonts/cm/cmr12.pfb></usr/share
/texlive/texmf-dist/fonts/type1/public/amsfonts/cm/cmr17.pfb></usr/share/texliv
e/texmf-dist/fonts/type1/public/amsfonts/cm/cmtt10.pfb></usr/share/texlive/texm
f-dist/fonts/type1/public/amsfonts/cm/cmtt12.pfb>
Output written on report.pdf (16 pages, 266279 bytes).
PDF statistics:
 100 PDF objects out of 1000 (max. 8388607)
 53 compressed objects within 1 object stream
 0 named destinations out of 1000 (max. 500000)
 46 words of extra memory for PDF output out of 10000 (max. 10000000)

